<?xml version="1.0" encoding="UTF-8"?>
<!-- Generated by org.testng.reporters.JUnitReportReporter -->
<testsuite skipped="0" hostname="DESKTOP-PU16VBP" name="TestRunner.Login_TestRunner" tests="1" failures="0" timestamp="2021-01-10T19:48:47 CST" time="26.457" errors="0">
  <testcase name="feature" time="26.457" classname="TestRunner.Login_TestRunner"/>
  <system-out/>
</testsuite> <!-- TestRunner.Login_TestRunner -->
