<?xml version="1.0" encoding="UTF-8"?>
<!-- Generated by org.testng.reporters.JUnitReportReporter -->
<testsuite skipped="0" hostname="DESKTOP-PU16VBP" name="TestRunner.forgot_TestRunner" tests="1" failures="0" timestamp="2021-01-10T19:33:38 CST" time="11.923" errors="0">
  <testcase name="feature" time="11.923" classname="TestRunner.forgot_TestRunner"/>
  <system-out/>
</testsuite> <!-- TestRunner.forgot_TestRunner -->
